<?xml version="1.0" encoding="UTF-8"?>
<!-- Generated by org.testng.reporters.JUnitXMLReporter -->
<testsuite hostname="WIN-8BJV37F2F8M" name="YY" tests="20" failures="0" timestamp="4 Jun 2019 14:52:52 GMT" time="5.239" errors="0">
  <testcase name="test1" time="1.409" classname="com.lemon.api.auto.cases.RegisterCase"/>
  <testcase name="test1" time="0.203" classname="com.lemon.api.auto.cases.RegisterCase"/>
  <testcase name="test1" time="0.15" classname="com.lemon.api.auto.cases.RegisterCase"/>
  <testcase name="test1" time="0.142" classname="com.lemon.api.auto.cases.RegisterCase"/>
  <testcase name="test1" time="0.209" classname="com.lemon.api.auto.cases.RegisterCase"/>
  <testcase name="test1" time="0.15" classname="com.lemon.api.auto.cases.RegisterCase"/>
  <testcase name="test1" time="0.143" classname="com.lemon.api.auto.cases.LoginCase"/>
  <testcase name="test1" time="0.521" classname="com.lemon.api.auto.cases.LoginCase"/>
  <testcase name="test1" time="0.185" classname="com.lemon.api.auto.cases.LoginCase"/>
  <testcase name="test1" time="0.175" classname="com.lemon.api.auto.cases.LoginCase"/>
  <testcase name="test1" time="0.241" classname="com.lemon.api.auto.cases.LoginCase"/>
  <testcase name="test1" time="0.164" classname="com.lemon.api.auto.cases.RechargeCase"/>
  <testcase name="test1" time="0.17" classname="com.lemon.api.auto.cases.RechargeCase"/>
  <testcase name="test1" time="0.188" classname="com.lemon.api.auto.cases.RechargeCase"/>
  <testcase name="test1" time="0.235" classname="com.lemon.api.auto.cases.RechargeCase"/>
  <testcase name="test1" time="0.165" classname="com.lemon.api.auto.cases.RechargeCase"/>
  <testcase name="test1" time="0.227" classname="com.lemon.api.auto.cases.RechargeCase"/>
  <testcase name="test1" time="0.16" classname="com.lemon.api.auto.cases.RechargeCase"/>
  <testcase name="test1" time="0.156" classname="com.lemon.api.auto.cases.RechargeCase"/>
  <testcase name="test1" time="0.207" classname="com.lemon.api.auto.cases.RechargeCase"/>
</testsuite> <!-- YY -->
